This is pdfTeXk, Version 3.141592-1.40.3 (Web2C 7.5.6) (format=pdflatex 2009.4.1)  28 APR 2009 11:32
entering extended mode
 file:line:error style messages enabled.
 %&-line parsing enabled.
**./main.tex
(./main.tex
LaTeX2e <2005/12/01>
Babel <v3.8h> and hyphenation patterns for english, usenglishmax, dumylang, noh
yphenation, czech, slovak, loaded.
(/usr/share/texmf-texlive/tex/latex/base/book.cls
Document Class: book 2005/09/16 v1.4f Standard LaTeX document class
(/usr/share/texmf-texlive/tex/latex/base/bk11.clo
File: bk11.clo 2005/09/16 v1.4f Standard LaTeX file (size option)
)
\c@part=\count79
\c@chapter=\count80
\c@section=\count81
\c@subsection=\count82
\c@subsubsection=\count83
\c@paragraph=\count84
\c@subparagraph=\count85
\c@figure=\count86
\c@table=\count87
\abovecaptionskip=\skip41
\belowcaptionskip=\skip42
\bibindent=\dimen102
)
(/usr/share/texmf-texlive/tex/generic/babel/babel.sty
Package: babel 2005/11/23 v3.8h The Babel package

(/usr/share/texmf-texlive/tex/generic/babel/czech.ldf
Language: czech 2005/03/29 v1.3k Czech support from the babel system

(/usr/share/texmf-texlive/tex/generic/babel/babel.def
File: babel.def 2005/11/23 v3.8h Babel common definitions
\babel@savecnt=\count88
\U@D=\dimen103
))
(/usr/share/texmf-texlive/tex/generic/babel/english.ldf
Language: english 2005/03/30 v3.3o English support from the babel system
\l@british = a dialect from \language\l@english 
\l@UKenglish = a dialect from \language\l@english 
\l@canadian = a dialect from \language\l@american 
\l@australian = a dialect from \language\l@british 
\l@newzealand = a dialect from \language\l@british 
))
(/usr/share/texmf-texlive/tex/latex/base/fontenc.sty
Package: fontenc 2005/09/27 v1.99g Standard LaTeX package

(/usr/share/texmf-texlive/tex/latex/base/t1enc.def
File: t1enc.def 2005/09/27 v1.99g Standard LaTeX file
LaTeX Font Info:    Redeclaring font encoding T1 on input line 43.
))
(/usr/share/texmf-texlive/tex/latex/base/inputenc.sty
Package: inputenc 2006/05/05 v1.1b Input encoding file
\inpenc@prehook=\toks14
\inpenc@posthook=\toks15

(/usr/share/texmf-texlive/tex/latex/base/utf8.def
File: utf8.def 2006/03/30 v1.1i UTF-8 support for inputenc
Now handling font encoding OML ...
... no UTF-8 mapping file for font encoding OML
Now handling font encoding T1 ...
... processing UTF-8 mapping file for font encodingT1

(/usr/share/texmf-texlive/tex/latex/base/t1enc.dfu
File: t1enc.dfu 2006/03/30 v1.1i UTF-8 support for inputenc
   defining Unicode char U+00A1 (decimal 161)
   defining Unicode char U+00A3 (decimal 163)
   defining Unicode char U+00AB (decimal 171)
   defining Unicode char U+00BB (decimal 187)
   defining Unicode char U+00BF (decimal 191)
   defining Unicode char U+00C0 (decimal 192)
   defining Unicode char U+00C1 (decimal 193)
   defining Unicode char U+00C2 (decimal 194)
   defining Unicode char U+00C3 (decimal 195)
   defining Unicode char U+00C4 (decimal 196)
   defining Unicode char U+00C5 (decimal 197)
   defining Unicode char U+00C6 (decimal 198)
   defining Unicode char U+00C7 (decimal 199)
   defining Unicode char U+00C8 (decimal 200)
   defining Unicode char U+00C9 (decimal 201)
   defining Unicode char U+00CA (decimal 202)
   defining Unicode char U+00CB (decimal 203)
   defining Unicode char U+00CC (decimal 204)
   defining Unicode char U+00CD (decimal 205)
   defining Unicode char U+00CE (decimal 206)
   defining Unicode char U+00CF (decimal 207)
   defining Unicode char U+00D0 (decimal 208)
   defining Unicode char U+00D1 (decimal 209)
   defining Unicode char U+00D2 (decimal 210)
   defining Unicode char U+00D3 (decimal 211)
   defining Unicode char U+00D4 (decimal 212)
   defining Unicode char U+00D5 (decimal 213)
   defining Unicode char U+00D6 (decimal 214)
   defining Unicode char U+00D8 (decimal 216)
   defining Unicode char U+00D9 (decimal 217)
   defining Unicode char U+00DA (decimal 218)
   defining Unicode char U+00DB (decimal 219)
   defining Unicode char U+00DC (decimal 220)
   defining Unicode char U+00DD (decimal 221)
   defining Unicode char U+00DE (decimal 222)
   defining Unicode char U+00DF (decimal 223)
   defining Unicode char U+00E0 (decimal 224)
   defining Unicode char U+00E1 (decimal 225)
   defining Unicode char U+00E2 (decimal 226)
   defining Unicode char U+00E3 (decimal 227)
   defining Unicode char U+00E4 (decimal 228)
   defining Unicode char U+00E5 (decimal 229)
   defining Unicode char U+00E6 (decimal 230)
   defining Unicode char U+00E7 (decimal 231)
   defining Unicode char U+00E8 (decimal 232)
   defining Unicode char U+00E9 (decimal 233)
   defining Unicode char U+00EA (decimal 234)
   defining Unicode char U+00EB (decimal 235)
   defining Unicode char U+00EC (decimal 236)
   defining Unicode char U+00ED (decimal 237)
   defining Unicode char U+00EE (decimal 238)
   defining Unicode char U+00EF (decimal 239)
   defining Unicode char U+00F0 (decimal 240)
   defining Unicode char U+00F1 (decimal 241)
   defining Unicode char U+00F2 (decimal 242)
   defining Unicode char U+00F3 (decimal 243)
   defining Unicode char U+00F4 (decimal 244)
   defining Unicode char U+00F5 (decimal 245)
   defining Unicode char U+00F6 (decimal 246)
   defining Unicode char U+00F8 (decimal 248)
   defining Unicode char U+00F9 (decimal 249)
   defining Unicode char U+00FA (decimal 250)
   defining Unicode char U+00FB (decimal 251)
   defining Unicode char U+00FC (decimal 252)
   defining Unicode char U+00FD (decimal 253)
   defining Unicode char U+00FE (decimal 254)
   defining Unicode char U+00FF (decimal 255)
   defining Unicode char U+0102 (decimal 258)
   defining Unicode char U+0103 (decimal 259)
   defining Unicode char U+0104 (decimal 260)
   defining Unicode char U+0105 (decimal 261)
   defining Unicode char U+0106 (decimal 262)
   defining Unicode char U+0107 (decimal 263)
   defining Unicode char U+010C (decimal 268)
   defining Unicode char U+010D (decimal 269)
   defining Unicode char U+010E (decimal 270)
   defining Unicode char U+010F (decimal 271)
   defining Unicode char U+0110 (decimal 272)
   defining Unicode char U+0111 (decimal 273)
   defining Unicode char U+0118 (decimal 280)
   defining Unicode char U+0119 (decimal 281)
   defining Unicode char U+011A (decimal 282)
   defining Unicode char U+011B (decimal 283)
   defining Unicode char U+011E (decimal 286)
   defining Unicode char U+011F (decimal 287)
   defining Unicode char U+0130 (decimal 304)
   defining Unicode char U+0131 (decimal 305)
   defining Unicode char U+0132 (decimal 306)
   defining Unicode char U+0133 (decimal 307)
   defining Unicode char U+0139 (decimal 313)
   defining Unicode char U+013A (decimal 314)
   defining Unicode char U+013D (decimal 317)
   defining Unicode char U+013E (decimal 318)
   defining Unicode char U+0141 (decimal 321)
   defining Unicode char U+0142 (decimal 322)
   defining Unicode char U+0143 (decimal 323)
   defining Unicode char U+0144 (decimal 324)
   defining Unicode char U+0147 (decimal 327)
   defining Unicode char U+0148 (decimal 328)
   defining Unicode char U+014A (decimal 330)
   defining Unicode char U+014B (decimal 331)
   defining Unicode char U+0150 (decimal 336)
   defining Unicode char U+0151 (decimal 337)
   defining Unicode char U+0152 (decimal 338)
   defining Unicode char U+0153 (decimal 339)
   defining Unicode char U+0154 (decimal 340)
   defining Unicode char U+0155 (decimal 341)
   defining Unicode char U+0158 (decimal 344)
   defining Unicode char U+0159 (decimal 345)
   defining Unicode char U+015A (decimal 346)
   defining Unicode char U+015B (decimal 347)
   defining Unicode char U+015E (decimal 350)
   defining Unicode char U+015F (decimal 351)
   defining Unicode char U+0160 (decimal 352)
   defining Unicode char U+0161 (decimal 353)
   defining Unicode char U+0162 (decimal 354)
   defining Unicode char U+0163 (decimal 355)
   defining Unicode char U+0164 (decimal 356)
   defining Unicode char U+0165 (decimal 357)
   defining Unicode char U+016E (decimal 366)
   defining Unicode char U+016F (decimal 367)
   defining Unicode char U+0170 (decimal 368)
   defining Unicode char U+0171 (decimal 369)
   defining Unicode char U+0178 (decimal 376)
   defining Unicode char U+0179 (decimal 377)
   defining Unicode char U+017A (decimal 378)
   defining Unicode char U+017B (decimal 379)
   defining Unicode char U+017C (decimal 380)
   defining Unicode char U+017D (decimal 381)
   defining Unicode char U+017E (decimal 382)
   defining Unicode char U+200C (decimal 8204)
   defining Unicode char U+2013 (decimal 8211)
   defining Unicode char U+2014 (decimal 8212)
   defining Unicode char U+2018 (decimal 8216)
   defining Unicode char U+2019 (decimal 8217)
   defining Unicode char U+201A (decimal 8218)
   defining Unicode char U+201C (decimal 8220)
   defining Unicode char U+201D (decimal 8221)
   defining Unicode char U+201E (decimal 8222)
   defining Unicode char U+2030 (decimal 8240)
   defining Unicode char U+2031 (decimal 8241)
   defining Unicode char U+2039 (decimal 8249)
   defining Unicode char U+203A (decimal 8250)
   defining Unicode char U+2423 (decimal 9251)
)
Now handling font encoding OT1 ...
... processing UTF-8 mapping file for font encodingOT1

(/usr/share/texmf-texlive/tex/latex/base/ot1enc.dfu
File: ot1enc.dfu 2006/03/30 v1.1i UTF-8 support for inputenc
   defining Unicode char U+00A1 (decimal 161)
   defining Unicode char U+00A3 (decimal 163)
   defining Unicode char U+00B8 (decimal 184)
   defining Unicode char U+00BF (decimal 191)
   defining Unicode char U+00C5 (decimal 197)
   defining Unicode char U+00C6 (decimal 198)
   defining Unicode char U+00D8 (decimal 216)
   defining Unicode char U+00DF (decimal 223)
   defining Unicode char U+00E6 (decimal 230)
   defining Unicode char U+00EC (decimal 236)
   defining Unicode char U+00ED (decimal 237)
   defining Unicode char U+00EE (decimal 238)
   defining Unicode char U+00EF (decimal 239)
   defining Unicode char U+00F8 (decimal 248)
   defining Unicode char U+0131 (decimal 305)
   defining Unicode char U+0141 (decimal 321)
   defining Unicode char U+0142 (decimal 322)
   defining Unicode char U+0152 (decimal 338)
   defining Unicode char U+0153 (decimal 339)
   defining Unicode char U+2013 (decimal 8211)
   defining Unicode char U+2014 (decimal 8212)
   defining Unicode char U+2018 (decimal 8216)
   defining Unicode char U+2019 (decimal 8217)
   defining Unicode char U+201C (decimal 8220)
   defining Unicode char U+201D (decimal 8221)
)
Now handling font encoding OMS ...
... processing UTF-8 mapping file for font encodingOMS

(/usr/share/texmf-texlive/tex/latex/base/omsenc.dfu
File: omsenc.dfu 2006/03/30 v1.1i UTF-8 support for inputenc
   defining Unicode char U+00A7 (decimal 167)
   defining Unicode char U+00B6 (decimal 182)
   defining Unicode char U+00B7 (decimal 183)
   defining Unicode char U+2020 (decimal 8224)
   defining Unicode char U+2021 (decimal 8225)
   defining Unicode char U+2022 (decimal 8226)
)
Now handling font encoding OMX ...
... no UTF-8 mapping file for font encoding OMX
Now handling font encoding U ...
... no UTF-8 mapping file for font encoding U
   defining Unicode char U+00A9 (decimal 169)
   defining Unicode char U+00AA (decimal 170)
   defining Unicode char U+00AE (decimal 174)
   defining Unicode char U+00BA (decimal 186)
   defining Unicode char U+02C6 (decimal 710)
   defining Unicode char U+02DC (decimal 732)
   defining Unicode char U+200C (decimal 8204)
   defining Unicode char U+2026 (decimal 8230)
   defining Unicode char U+2122 (decimal 8482)
   defining Unicode char U+2423 (decimal 9251)
))
(/usr/share/texmf-texlive/tex/latex/graphics/graphicx.sty
Package: graphicx 1999/02/16 v1.0f Enhanced LaTeX Graphics (DPC,SPQR)

(/usr/share/texmf-texlive/tex/latex/graphics/keyval.sty
Package: keyval 1999/03/16 v1.13 key=value parser (DPC)
\KV@toks@=\toks16
)
(/usr/share/texmf-texlive/tex/latex/graphics/graphics.sty
Package: graphics 2006/02/20 v1.0o Standard LaTeX Graphics (DPC,SPQR)

(/usr/share/texmf-texlive/tex/latex/graphics/trig.sty
Package: trig 1999/03/16 v1.09 sin cos tan (DPC)
)
(/etc/texmf/tex/latex/config/graphics.cfg
File: graphics.cfg 2007/01/18 v1.5 graphics configuration of teTeX/TeXLive
)
Package graphics Info: Driver file: pdftex.def on input line 90.

(/usr/share/texmf-texlive/tex/latex/pdftex-def/pdftex.def
File: pdftex.def 2007/01/08 v0.04d Graphics/color for pdfTeX
\Gread@gobject=\count89
))
\Gin@req@height=\dimen104
\Gin@req@width=\dimen105
)
(./k336_thesis_macros.sty)
Diplomova prace
(./main.aux (./01_uvod.aux) (./02_snmp.aux) (./03_xml.aux) (./04_analyza.aux)
(./05_implementace.aux) (./06_testovani.aux) (./07_zaver.aux)
(./0A_konfig_file.aux) (./0B_uzivat_brana.aux) (./0C_uzivat_manager.aux)
(./0D_obsahcd.aux))
\openout1 = `main.aux'.

LaTeX Font Info:    Checking defaults for OML/cmm/m/it on input line 25.
LaTeX Font Info:    ... okay on input line 25.
LaTeX Font Info:    Checking defaults for T1/cmr/m/n on input line 25.
LaTeX Font Info:    ... okay on input line 25.
LaTeX Font Info:    Checking defaults for OT1/cmr/m/n on input line 25.
LaTeX Font Info:    ... okay on input line 25.
LaTeX Font Info:    Checking defaults for OMS/cmsy/m/n on input line 25.
LaTeX Font Info:    ... okay on input line 25.
LaTeX Font Info:    Checking defaults for OMX/cmex/m/n on input line 25.
LaTeX Font Info:    ... okay on input line 25.
LaTeX Font Info:    Checking defaults for U/cmr/m/n on input line 25.
LaTeX Font Info:    ... okay on input line 25.

************************************************
Zvoleny jazyk: cestina
Typ prace: Diplomov\IeC {\'a} pr\IeC {\'a}ce
Studijni program: Elektrotechnika a informatika, strukturovan\IeC {\'y}, Navazu
j\IeC {\'\i }c\IeC {\'\i } magistersk\IeC {\'y}
Obor: V\IeC {\'y}po\IeC {\v c}etn\IeC {\'\i } technika
Jmeno: Bc. Tom\IeC {\'a}\IeC {\v s} Hroch
Nazev prace: SNMP/XML br\IeC {\'a}na
Vedouci prace: Ing. Peter Macejko
***************************************************
<figures/LogoCVUT.pdf, id=1, 93.34875pt x 70.2625pt>
File: figures/LogoCVUT.pdf Graphic file (type pdf)

<use figures/LogoCVUT.pdf> [3


{/var/lib/texmf/fonts/map/pdftex/updmap/pdftex.map} <./figures/LogoCVUT.pdf>] [
4

] [5] [6

] [7] [8

] [9

] [10

] (./main.toc
LaTeX Font Info:    External font `cmex10' loaded for size
(Font)              <10.95> on input line 5.
LaTeX Font Info:    External font `cmex10' loaded for size
(Font)              <8> on input line 5.
LaTeX Font Info:    External font `cmex10' loaded for size
(Font)              <6> on input line 5.
 [11])
\tf@toc=\write3
\openout3 = `main.toc'.


[12] (./main.lof)
\tf@lof=\write4
\openout4 = `main.lof'.

 [13

] [14

] (./main.lot)
\tf@lot=\write5
\openout5 = `main.lot'.

 [15] [16

]
\openout2 = `01_uvod.aux'.

 (./01_uvod.tex
Kapitola 1.
) [1


]
\openout2 = `02_snmp.aux'.

 (./02_snmp.tex [2



]
Kapitola 2.
<obrazky/02_snmp_principle.png, id=67, 501.875pt x 401.5pt>
File: obrazky/02_snmp_principle.png Graphic file (type png)

<use obrazky/02_snmp_principle.png>
LaTeX Font Info:    Try loading font information for OMS+cmr on input line 20.

(/usr/share/texmf-texlive/tex/latex/base/omscmr.fd
File: omscmr.fd 1999/05/25 v2.5h Standard LaTeX font definitions
)
LaTeX Font Info:    Font shape `OMS/cmr/m/n' in size <10.95> not available
(Font)              Font shape `OMS/cmsy/m/n' tried instead on input line 20.
 [3 <./obrazky/02_snmp_principle.png>]
<obrazky/02_snmp_communication.png, id=72, 450.68375pt x 190.7125pt>
File: obrazky/02_snmp_communication.png Graphic file (type png)

<use obrazky/02_snmp_communication.png> [4 <./obrazky/02_snmp_communication.png
>]

LaTeX Warning: Citation `RFC1155' on page 5 undefined on input line 52.


Overfull \hbox (2.89378pt too wide) in paragraph at lines 52--55
\T1/cmr/m/n/10.95 SMI je zkrat-kou pro Structure and Iden-ti-fi-cation of Ma-na
ge-ment In-for-mation for TCP/IP-
 []

[5]
Overfull \hbox (3.69484pt too wide) in paragraph at lines 88--89
[]\T1/cmr/bx/n/10.95 OBJECT IDEN-TI-FIER \T1/cmr/m/n/10.95 - iden-ti-fi-kace je
d-not-li-vých ob-jekt· v rámci normy ASN.1 
 []

[6] <obrazky/02_snmp_pdu.pdf, id=89, 434.62375pt x 171.64125pt>
File: obrazky/02_snmp_pdu.pdf Graphic file (type pdf)

<use obrazky/02_snmp_pdu.pdf>
Overfull \hbox (17.71718pt too wide) in paragraph at lines 116--117
 [] 
 []

[7 <./obrazky/02_snmp_pdu.pdf>]
Overfull \hbox (4.52902pt too wide) in paragraph at lines 148--150
\T1/cmr/m/n/10.95 hu-ºel bylo vy-dáno n¥-ko-lik sou-pe-°í-cích spe-ci-fi-kací, 
ozna-£o-vané ná-zvy SNMPv2c, SNMPv2u,
 []


LaTeX Warning: Citation `RFC2570' on page 8 undefined on input line 164.

[8] <obrazky/02_snmpv3_pdu.pdf, id=99, 323.2075pt x 327.2225pt>
File: obrazky/02_snmpv3_pdu.pdf Graphic file (type pdf)

<use obrazky/02_snmpv3_pdu.pdf>) [9] [10 <./obrazky/02_snmpv3_pdu.pdf>]
\openout2 = `03_xml.aux'.


(./03_xml.tex
Kapitola 3.
[11



] <obrazky/03_popis_zarizeni.png, id=113, 456.20438pt x 164.11313pt>
File: obrazky/03_popis_zarizeni.png Graphic file (type png)

<use obrazky/03_popis_zarizeni.png>
Overfull \hbox (9.88583pt too wide) in paragraph at lines 38--39
 [] 
 []

LaTeX Font Info:    Try loading font information for T1+cmtt on input line 49.
(/usr/share/texmf-texlive/tex/latex/base/t1cmtt.fd
File: t1cmtt.fd 1999/05/25 v2.5h Standard LaTeX font definitions
) [12 <./obrazky/03_popis_zarizeni.png>] <obrazky/03_mapovani_smiv1.png, id=119
, 440.39531pt x 333.49594pt>
File: obrazky/03_mapovani_smiv1.png Graphic file (type png)

<use obrazky/03_mapovani_smiv1.png>
Overfull \hbox (23.48872pt too wide) in paragraph at lines 77--78
 [] 
 []

LaTeX Font Info:    External font `cmex10' loaded for size
(Font)              <9> on input line 86.
LaTeX Font Info:    External font `cmex10' loaded for size
(Font)              <5> on input line 86.

Overfull \hbox (21.88583pt too wide) in paragraph at lines 86--105
 [][] 
 []

[13] [14 <./obrazky/03_mapovani_smiv1.png>]
Overfull \hbox (21.88583pt too wide) in paragraph at lines 131--146
 [][] 
 []


Overfull \hbox (21.88583pt too wide) in paragraph at lines 153--167
 [][] 
 []


Overfull \hbox (21.88583pt too wide) in paragraph at lines 178--195
 [][] 
 []

[15] <obrazky/03_struktura_zpravy.png, id=131, 173.89969pt x 74.52844pt>
File: obrazky/03_struktura_zpravy.png Graphic file (type png)

<use obrazky/03_struktura_zpravy.png> [16] [17 <./obrazky/03_struktura_zpravy.p
ng>]
Overfull \hbox (160.24834pt too wide) in paragraph at lines 309--309
[]\T1/cmtt/m/n/10.95 <event msgid="123" timestamp="" senderID="router1" eventSp
ec="/device/notifications/dhcp/noFreeLease">[] 
 []

[18]) [19]
\openout2 = `04_analyza.aux'.

 (./04_analyza.tex [20



]
Kapitola 4.
<obrazky/04_obecne_schema.png, id=149, 702.625pt x 301.125pt>
File: obrazky/04_obecne_schema.png Graphic file (type png)

<use obrazky/04_obecne_schema.png>
Overfull \hbox (9.88583pt too wide) in paragraph at lines 14--15
 [] 
 []

[21 <./obrazky/04_obecne_schema.png>]
<obrazky/04_schema_dokumentu.png, id=154, 252.945pt x 282.30469pt>
File: obrazky/04_schema_dokumentu.png Graphic file (type png)

<use obrazky/04_schema_dokumentu.png>
<obrazky/04_schema_device.png, id=155, 253.69781pt x 213.79875pt>
File: obrazky/04_schema_device.png Graphic file (type png)

<use obrazky/04_schema_device.png> [22] [23 <./obrazky/04_schema_dokumentu.png>
 <./obrazky/04_schema_device.png>]
<obrazky/04_element_info.png, id=165, 216.05719pt x 124.21407pt>
File: obrazky/04_element_info.png Graphic file (type png)

<use obrazky/04_element_info.png> [24 <./obrazky/04_element_info.png>]
<obrazky/04_http_post.png, id=170, 189.70876pt x 312.41719pt>
File: obrazky/04_http_post.png Graphic file (type png)

<use obrazky/04_http_post.png>
<obrazky/04_http_request.png, id=171, 298.11375pt x 140.77594pt>
File: obrazky/04_http_request.png Graphic file (type png)

<use obrazky/04_http_request.png> [25] [26 <./obrazky/04_http_post.png> <./obra
zky/04_http_request.png>] [27]
<obrazky/04_beh_programu.png, id=183, 390.70969pt x 155.83218pt>
File: obrazky/04_beh_programu.png Graphic file (type png)

<use obrazky/04_beh_programu.png> [28 <./obrazky/04_beh_programu.png>] [29])
[30]
\openout2 = `05_implementace.aux'.

 (./05_implementace.tex
Kapitola 5.
<obrazky/05_schema_trid.png, id=195, 516.93124pt x 526.96875pt>
File: obrazky/05_schema_trid.png Graphic file (type png)

<use obrazky/05_schema_trid.png> [31



] [32 <./obrazky/05_schema_trid.png (PNG copy)>] [33]
<obrazky/05_inicializacni_faze.png, id=206, 737.75626pt x 332.24126pt>
File: obrazky/05_inicializacni_faze.png Graphic file (type png)

<use obrazky/05_inicializacni_faze.png>
Overfull \hbox (9.88583pt too wide) in paragraph at lines 105--106
 [] 
 []

[34] <obrazky/05_element_xml.png, id=210, 356.83313pt x 322.95656pt>
File: obrazky/05_element_xml.png Graphic file (type png)

<use obrazky/05_element_xml.png>

LaTeX Warning: Reference `kap_analyza' on page 35 undefined on input line 150.

<obrazky/05_xmlmod_vlakno.png, id=211, 556.0775pt x 767.86874pt>
File: obrazky/05_xmlmod_vlakno.png Graphic file (type png)

<use obrazky/05_xmlmod_vlakno.png> [35 <./obrazky/05_inicializacni_faze.png>]
[36 <./obrazky/05_element_xml.png>] [37 <./obrazky/05_xmlmod_vlakno.png>]
<obrazky/05_snmp_komunikace.png, id=225, 486.81876pt x 308.15125pt>
File: obrazky/05_snmp_komunikace.png Graphic file (type png)

<use obrazky/05_snmp_komunikace.png> [38] [39 <./obrazky/05_snmp_komunikace.png
>] [40] <obrazky/05_atom1.png, id=236, 466.74374pt x 364.36125pt>
File: obrazky/05_atom1.png Graphic file (type png)

<use obrazky/05_atom1.png> [41 <./obrazky/05_atom1.png>]
<obrazky/05_subscr_element.png, id=242, 451.6875pt x 104.64093pt>
File: obrazky/05_subscr_element.png Graphic file (type png)

<use obrazky/05_subscr_element.png> [42 <./obrazky/05_subscr_element.png>]
[43] [44]) [45] [46]
\openout2 = `06_testovani.aux'.

 (./06_testovani.tex
Kapitola 6.
) [47



]
\openout2 = `07_zaver.aux'.

 (./07_zaver.tex [48



]
Kapitola 7.
) [49] (./main.bbl [50


]) [51]
\openout2 = `0A_konfig_file.aux'.

 (./0A_konfig_file.tex [52


]
Dodatek A.
) [53]
\openout2 = `0B_uzivat_brana.aux'.

 (./0B_uzivat_brana.tex [54



]
Dodatek B.
) [55]
\openout2 = `0C_uzivat_manager.aux'.

 (./0C_uzivat_manager.tex [56



]
Dodatek C.
) [57]
\openout2 = `0D_obsahcd.aux'.

 (./0D_obsahcd.tex [58



]
Dodatek D.
) [59] (./main.aux (./01_uvod.aux) (./02_snmp.aux) (./03_xml.aux)
(./04_analyza.aux) (./05_implementace.aux) (./06_testovani.aux) (./07_zaver.aux
) (./0A_konfig_file.aux) (./0B_uzivat_brana.aux) (./0C_uzivat_manager.aux)
(./0D_obsahcd.aux))

LaTeX Warning: There were undefined references.

 ) 
Here is how much of TeX's memory you used:
 1715 strings out of 95025
 21565 string characters out of 1181940
 71382 words of memory out of 1500000
 4796 multiletter control sequences out of 10000+50000
 20083 words of font info for 44 fonts, out of 1200000 for 2000
 37 hyphenation exceptions out of 8191
 25i,10n,21p,335b,347s stack positions out of 5000i,500n,6000p,200000b,5000s
 </home/hippi/.texmf-var/fonts/pk/ljfour/jknappen/ec/ecbi1095.600pk> </home/h
ippi/.texmf-var/fonts/pk/ljfour/jknappen/ec/ectt0900.600pk> </home/hippi/.texmf
-var/fonts/pk/ljfour/jknappen/ec/ectt1095.600pk> </home/hippi/.texmf-var/fonts/
pk/ljfour/jknappen/ec/ecti1095.600pk> </home/hippi/.texmf-var/fonts/pk/ljfour/j
knappen/ec/ecbx1200.600pk> </home/hippi/.texmf-var/fonts/pk/ljfour/jknappen/ec/
ecsl1095.600pk> </home/hippi/.texmf-var/fonts/pk/ljfour/jknappen/ec/ecbx1095.60
0pk> </home/hippi/.texmf-var/fonts/pk/ljfour/jknappen/ec/ecbx2488.600pk> </home
/hippi/.texmf-var/fonts/pk/ljfour/jknappen/ec/ecrm0600.600pk> </home/hippi/.tex
mf-var/fonts/pk/ljfour/jknappen/ec/ecbx2074.600pk> </home/hippi/.texmf-var/font
s/pk/ljfour/jknappen/ec/ecrm1095.600pk> </home/hippi/.texmf-var/fonts/pk/ljfour
/jknappen/ec/ecti1440.600pk> </home/hippi/.texmf-var/fonts/pk/ljfour/jknappen/e
c/ecbx1440.600pk> </home/hippi/.texmf-var/fonts/pk/ljfour/jknappen/ec/ecrm1200.
600pk></usr/share/texmf-texlive/fonts/type1/bluesky/cm/cmr10.pfb></usr/share/te
xmf-texlive/fonts/type1/bluesky/cm/cmr8.pfb></usr/share/texmf-texlive/fonts/typ
e1/bluesky/cm/cmsy10.pfb>
Output written on main.pdf (73 pages, 1083725 bytes).
PDF statistics:
 976 PDF objects out of 1000 (max. 8388607)
 0 named destinations out of 1000 (max. 131072)
 111 words of extra memory for PDF output out of 10000 (max. 10000000)

